<?xml version="1.0" encoding="UTF-8"?>
<testsuite xmlns:xsi="http://www.w3.org/2001/XMLSchema-instance" xsi:noNamespaceSchemaLocation="https://maven.apache.org/surefire/maven-surefire-plugin/xsd/surefire-test-report.xsd" version="3.0.2" name="TestSuite" time="76.046" tests="3" errors="0" skipped="0" failures="0">
  <properties>
    <property name="java.specification.version" value="17"/>
    <property name="sun.jnu.encoding" value="UTF-8"/>
    <property name="java.class.path" value="/Users/yaminikrishnachalimadugu/eclipse-workspace/AppiumFrameworkDesignCloud/target/test-classes:/Users/yaminikrishnachalimadugu/eclipse-workspace/AppiumFrameworkDesignCloud/target/classes:/Users/yaminikrishnachalimadugu/.m2/repository/io/appium/java-client/9.4.0/java-client-9.4.0.jar:/Users/yaminikrishnachalimadugu/.m2/repository/org/seleniumhq/selenium/selenium-api/4.30.0/selenium-api-4.30.0.jar:/Users/yaminikrishnachalimadugu/.m2/repository/org/jspecify/jspecify/1.0.0/jspecify-1.0.0.jar:/Users/yaminikrishnachalimadugu/.m2/repository/org/seleniumhq/selenium/selenium-remote-driver/4.30.0/selenium-remote-driver-4.30.0.jar:/Users/yaminikrishnachalimadugu/.m2/repository/com/google/auto/service/auto-service-annotations/1.1.1/auto-service-annotations-1.1.1.jar:/Users/yaminikrishnachalimadugu/.m2/repository/com/google/guava/guava/33.4.5-jre/guava-33.4.5-jre.jar:/Users/yaminikrishnachalimadugu/.m2/repository/com/google/guava/failureaccess/1.0.3/failureaccess-1.0.3.jar:/Users/yaminikrishnachalimadugu/.m2/repository/com/google/guava/listenablefuture/9999.0-empty-to-avoid-conflict-with-guava/listenablefuture-9999.0-empty-to-avoid-conflict-with-guava.jar:/Users/yaminikrishnachalimadugu/.m2/repository/com/google/j2objc/j2objc-annotations/3.0.0/j2objc-annotations-3.0.0.jar:/Users/yaminikrishnachalimadugu/.m2/repository/io/opentelemetry/opentelemetry-api/1.48.0/opentelemetry-api-1.48.0.jar:/Users/yaminikrishnachalimadugu/.m2/repository/io/opentelemetry/opentelemetry-context/1.48.0/opentelemetry-context-1.48.0.jar:/Users/yaminikrishnachalimadugu/.m2/repository/io/opentelemetry/opentelemetry-exporter-logging/1.48.0/opentelemetry-exporter-logging-1.48.0.jar:/Users/yaminikrishnachalimadugu/.m2/repository/io/opentelemetry/opentelemetry-sdk-common/1.48.0/opentelemetry-sdk-common-1.48.0.jar:/Users/yaminikrishnachalimadugu/.m2/repository/io/opentelemetry/opentelemetry-sdk-extension-autoconfigure-spi/1.48.0/opentelemetry-sdk-extension-autoconfigure-spi-1.48.0.jar:/Users/yaminikrishnachalimadugu/.m2/repository/io/opentelemetry/opentelemetry-sdk-extension-autoconfigure/1.48.0/opentelemetry-sdk-extension-autoconfigure-1.48.0.jar:/Users/yaminikrishnachalimadugu/.m2/repository/io/opentelemetry/opentelemetry-sdk-trace/1.48.0/opentelemetry-sdk-trace-1.48.0.jar:/Users/yaminikrishnachalimadugu/.m2/repository/io/opentelemetry/opentelemetry-sdk/1.48.0/opentelemetry-sdk-1.48.0.jar:/Users/yaminikrishnachalimadugu/.m2/repository/io/opentelemetry/opentelemetry-sdk-metrics/1.48.0/opentelemetry-sdk-metrics-1.48.0.jar:/Users/yaminikrishnachalimadugu/.m2/repository/io/opentelemetry/opentelemetry-sdk-logs/1.48.0/opentelemetry-sdk-logs-1.48.0.jar:/Users/yaminikrishnachalimadugu/.m2/repository/net/bytebuddy/byte-buddy/1.17.2/byte-buddy-1.17.2.jar:/Users/yaminikrishnachalimadugu/.m2/repository/org/seleniumhq/selenium/selenium-http/4.30.0/selenium-http-4.30.0.jar:/Users/yaminikrishnachalimadugu/.m2/repository/org/seleniumhq/selenium/selenium-json/4.30.0/selenium-json-4.30.0.jar:/Users/yaminikrishnachalimadugu/.m2/repository/org/seleniumhq/selenium/selenium-manager/4.30.0/selenium-manager-4.30.0.jar:/Users/yaminikrishnachalimadugu/.m2/repository/org/seleniumhq/selenium/selenium-os/4.30.0/selenium-os-4.30.0.jar:/Users/yaminikrishnachalimadugu/.m2/repository/org/apache/commons/commons-exec/1.4.0/commons-exec-1.4.0.jar:/Users/yaminikrishnachalimadugu/.m2/repository/org/seleniumhq/selenium/selenium-support/4.30.0/selenium-support-4.30.0.jar:/Users/yaminikrishnachalimadugu/.m2/repository/com/google/code/gson/gson/2.11.0/gson-2.11.0.jar:/Users/yaminikrishnachalimadugu/.m2/repository/com/google/errorprone/error_prone_annotations/2.27.0/error_prone_annotations-2.27.0.jar:/Users/yaminikrishnachalimadugu/.m2/repository/org/slf4j/slf4j-api/2.0.16/slf4j-api-2.0.16.jar:/Users/yaminikrishnachalimadugu/.m2/repository/commons-io/commons-io/2.11.0/commons-io-2.11.0.jar:/Users/yaminikrishnachalimadugu/.m2/repository/com/fasterxml/jackson/core/jackson-databind/2.18.3/jackson-databind-2.18.3.jar:/Users/yaminikrishnachalimadugu/.m2/repository/com/fasterxml/jackson/core/jackson-annotations/2.18.3/jackson-annotations-2.18.3.jar:/Users/yaminikrishnachalimadugu/.m2/repository/com/fasterxml/jackson/core/jackson-core/2.18.3/jackson-core-2.18.3.jar:/Users/yaminikrishnachalimadugu/.m2/repository/com/aventstack/extentreports/5.1.2/extentreports-5.1.2.jar:/Users/yaminikrishnachalimadugu/.m2/repository/io/reactivex/rxjava3/rxjava/3.1.6/rxjava-3.1.6.jar:/Users/yaminikrishnachalimadugu/.m2/repository/org/reactivestreams/reactive-streams/1.0.4/reactive-streams-1.0.4.jar:/Users/yaminikrishnachalimadugu/.m2/repository/org/freemarker/freemarker/2.3.32/freemarker-2.3.32.jar:/Users/yaminikrishnachalimadugu/.m2/repository/org/projectlombok/lombok/1.18.26/lombok-1.18.26.jar:/Users/yaminikrishnachalimadugu/.m2/repository/org/testng/testng/7.11.0/testng-7.11.0.jar:/Users/yaminikrishnachalimadugu/.m2/repository/org/jcommander/jcommander/1.83/jcommander-1.83.jar:/Users/yaminikrishnachalimadugu/.m2/repository/org/webjars/jquery/3.7.1/jquery-3.7.1.jar:/Users/yaminikrishnachalimadugu/.m2/repository/com/browserstack/browserstack-java-sdk/1.30.7/browserstack-java-sdk-1.30.7.jar:"/>
    <property name="java.vm.vendor" value="Azul Systems, Inc."/>
    <property name="cucumber.execution.parallel.config.fixed.parallelism" value="1"/>
    <property name="sun.arch.data.model" value="64"/>
    <property name="OBSERVABILITY_BUILD_HASHED_ID" value="wiatxuqstokpkjj70qarmox9gjqhrc7rzogb4ktr"/>
    <property name="java.vendor.url" value="http://www.azul.com/"/>
    <property name="user.timezone" value="America/New_York"/>
    <property name="cucumber.execution.parallel.enabled" value="true"/>
    <property name="java.vm.specification.version" value="17"/>
    <property name="os.name" value="Mac OS X"/>
    <property name="junit.jupiter.execution.parallel.config.fixed.max-pool-size" value="1"/>
    <property name="setUp@0" value="0"/>
    <property name="sun.java.launcher" value="SUN_STANDARD"/>
    <property name="user.country" value="US"/>
    <property name="setUp@2" value="2"/>
    <property name="setUp@1" value="1"/>
    <property name="sun.boot.library.path" value="/Users/yaminikrishnachalimadugu/.sdkman/candidates/java/17.0.8-zulu/zulu-17.jdk/Contents/Home/lib"/>
    <property name="OBSERVABILITY_ALLOW_SCREENSHOTS" value="true"/>
    <property name="sun.java.command" value="/Users/yaminikrishnachalimadugu/eclipse-workspace/AppiumFrameworkDesignCloud/target/surefire/surefirebooter-20250322125030045_3.jar /Users/yaminikrishnachalimadugu/eclipse-workspace/AppiumFrameworkDesignCloud/target/surefire 2025-03-22T12-50-29_999-jvmRun1 surefire-20250322125030045_1tmp surefire_0-20250322125030045_2tmp"/>
    <property name="BROWSERSTACK_TESTHUB_JWT" value="eyJhbGciOiJIUzI1NiJ9.eyJpc3MiOiJicm93c2Vyc3RhY2tfb2IiLCJzdWIiOiI5NTUzMTkwIiwiZ3JvdXBfaWQiOjk0NjE2MzMsInVzZXJfaWQiOjk1NTMxOTAsImJ1aWxkX2hhc2hlZF9pZCI6IndpYXR4dXFzdG9rcGtqajcwcWFybW94OWdqcWhyYzdyem9nYjRrdHIiLCJwcm9qZWN0X25hbWUiOiJBcHBpdW0gR2VuZXJhbFN0b3JlcyIsImhvb2tfYXNfdGVzdCI6IjEiLCJidWlsZF9uYW1lIjoiYnJvd3NlcnN0YWNrIGJ1aWxkIiwicHJvZHVjdF9tYXAiOiJ7XCJvYnNlcnZhYmlsaXR5XCI6dHJ1ZSxcIm9yaWdpbkZyb21Qcm9kdWN0TWFwXCI6XCJBcHBBdXRvbWF0ZVwiLFwiYnN0YWNrQXV0b21hdGlvblwiOnRydWUsXCJwcm9kdWN0RmlsdGVyU291cmNlXCI6dHJ1ZSxcImNhZFwiOnRydWUsXCJhcHBfYXV0b21hdGVcIjp0cnVlfSIsImdycl9yZWdpb24iOiIiLCJpc19sb3dfdm9sdW1lIjpmYWxzZSwic2lnbmluZ19rZXlfaGFzaCI6IjdkZjZlNjgzYzY3MDkxYjZiY2FiNDk1ZTNmN2YyYWExNjljNzVmMzFmYmFmYTUwZjQ3MDI0YzgxYjllNzA1M2QiLCJpYXQiOjE3NDI2NjIyMzMsImV4cCI6MTc0MzAwNzgzM30.3AigdthijJm9OQnpFqrzyVeYqaKP2j1sAPVPjUsuezQ"/>
    <property name="http.nonProxyHosts" value="local|*.local|169.254/16|*.169.254/16"/>
    <property name="jdk.debug" value="release"/>
    <property name="surefire.test.class.path" value="/Users/yaminikrishnachalimadugu/eclipse-workspace/AppiumFrameworkDesignCloud/target/test-classes:/Users/yaminikrishnachalimadugu/eclipse-workspace/AppiumFrameworkDesignCloud/target/classes:/Users/yaminikrishnachalimadugu/.m2/repository/io/appium/java-client/9.4.0/java-client-9.4.0.jar:/Users/yaminikrishnachalimadugu/.m2/repository/org/seleniumhq/selenium/selenium-api/4.30.0/selenium-api-4.30.0.jar:/Users/yaminikrishnachalimadugu/.m2/repository/org/jspecify/jspecify/1.0.0/jspecify-1.0.0.jar:/Users/yaminikrishnachalimadugu/.m2/repository/org/seleniumhq/selenium/selenium-remote-driver/4.30.0/selenium-remote-driver-4.30.0.jar:/Users/yaminikrishnachalimadugu/.m2/repository/com/google/auto/service/auto-service-annotations/1.1.1/auto-service-annotations-1.1.1.jar:/Users/yaminikrishnachalimadugu/.m2/repository/com/google/guava/guava/33.4.5-jre/guava-33.4.5-jre.jar:/Users/yaminikrishnachalimadugu/.m2/repository/com/google/guava/failureaccess/1.0.3/failureaccess-1.0.3.jar:/Users/yaminikrishnachalimadugu/.m2/repository/com/google/guava/listenablefuture/9999.0-empty-to-avoid-conflict-with-guava/listenablefuture-9999.0-empty-to-avoid-conflict-with-guava.jar:/Users/yaminikrishnachalimadugu/.m2/repository/com/google/j2objc/j2objc-annotations/3.0.0/j2objc-annotations-3.0.0.jar:/Users/yaminikrishnachalimadugu/.m2/repository/io/opentelemetry/opentelemetry-api/1.48.0/opentelemetry-api-1.48.0.jar:/Users/yaminikrishnachalimadugu/.m2/repository/io/opentelemetry/opentelemetry-context/1.48.0/opentelemetry-context-1.48.0.jar:/Users/yaminikrishnachalimadugu/.m2/repository/io/opentelemetry/opentelemetry-exporter-logging/1.48.0/opentelemetry-exporter-logging-1.48.0.jar:/Users/yaminikrishnachalimadugu/.m2/repository/io/opentelemetry/opentelemetry-sdk-common/1.48.0/opentelemetry-sdk-common-1.48.0.jar:/Users/yaminikrishnachalimadugu/.m2/repository/io/opentelemetry/opentelemetry-sdk-extension-autoconfigure-spi/1.48.0/opentelemetry-sdk-extension-autoconfigure-spi-1.48.0.jar:/Users/yaminikrishnachalimadugu/.m2/repository/io/opentelemetry/opentelemetry-sdk-extension-autoconfigure/1.48.0/opentelemetry-sdk-extension-autoconfigure-1.48.0.jar:/Users/yaminikrishnachalimadugu/.m2/repository/io/opentelemetry/opentelemetry-sdk-trace/1.48.0/opentelemetry-sdk-trace-1.48.0.jar:/Users/yaminikrishnachalimadugu/.m2/repository/io/opentelemetry/opentelemetry-sdk/1.48.0/opentelemetry-sdk-1.48.0.jar:/Users/yaminikrishnachalimadugu/.m2/repository/io/opentelemetry/opentelemetry-sdk-metrics/1.48.0/opentelemetry-sdk-metrics-1.48.0.jar:/Users/yaminikrishnachalimadugu/.m2/repository/io/opentelemetry/opentelemetry-sdk-logs/1.48.0/opentelemetry-sdk-logs-1.48.0.jar:/Users/yaminikrishnachalimadugu/.m2/repository/net/bytebuddy/byte-buddy/1.17.2/byte-buddy-1.17.2.jar:/Users/yaminikrishnachalimadugu/.m2/repository/org/seleniumhq/selenium/selenium-http/4.30.0/selenium-http-4.30.0.jar:/Users/yaminikrishnachalimadugu/.m2/repository/org/seleniumhq/selenium/selenium-json/4.30.0/selenium-json-4.30.0.jar:/Users/yaminikrishnachalimadugu/.m2/repository/org/seleniumhq/selenium/selenium-manager/4.30.0/selenium-manager-4.30.0.jar:/Users/yaminikrishnachalimadugu/.m2/repository/org/seleniumhq/selenium/selenium-os/4.30.0/selenium-os-4.30.0.jar:/Users/yaminikrishnachalimadugu/.m2/repository/org/apache/commons/commons-exec/1.4.0/commons-exec-1.4.0.jar:/Users/yaminikrishnachalimadugu/.m2/repository/org/seleniumhq/selenium/selenium-support/4.30.0/selenium-support-4.30.0.jar:/Users/yaminikrishnachalimadugu/.m2/repository/com/google/code/gson/gson/2.11.0/gson-2.11.0.jar:/Users/yaminikrishnachalimadugu/.m2/repository/com/google/errorprone/error_prone_annotations/2.27.0/error_prone_annotations-2.27.0.jar:/Users/yaminikrishnachalimadugu/.m2/repository/org/slf4j/slf4j-api/2.0.16/slf4j-api-2.0.16.jar:/Users/yaminikrishnachalimadugu/.m2/repository/commons-io/commons-io/2.11.0/commons-io-2.11.0.jar:/Users/yaminikrishnachalimadugu/.m2/repository/com/fasterxml/jackson/core/jackson-databind/2.18.3/jackson-databind-2.18.3.jar:/Users/yaminikrishnachalimadugu/.m2/repository/com/fasterxml/jackson/core/jackson-annotations/2.18.3/jackson-annotations-2.18.3.jar:/Users/yaminikrishnachalimadugu/.m2/repository/com/fasterxml/jackson/core/jackson-core/2.18.3/jackson-core-2.18.3.jar:/Users/yaminikrishnachalimadugu/.m2/repository/com/aventstack/extentreports/5.1.2/extentreports-5.1.2.jar:/Users/yaminikrishnachalimadugu/.m2/repository/io/reactivex/rxjava3/rxjava/3.1.6/rxjava-3.1.6.jar:/Users/yaminikrishnachalimadugu/.m2/repository/org/reactivestreams/reactive-streams/1.0.4/reactive-streams-1.0.4.jar:/Users/yaminikrishnachalimadugu/.m2/repository/org/freemarker/freemarker/2.3.32/freemarker-2.3.32.jar:/Users/yaminikrishnachalimadugu/.m2/repository/org/projectlombok/lombok/1.18.26/lombok-1.18.26.jar:/Users/yaminikrishnachalimadugu/.m2/repository/org/testng/testng/7.11.0/testng-7.11.0.jar:/Users/yaminikrishnachalimadugu/.m2/repository/org/jcommander/jcommander/1.83/jcommander-1.83.jar:/Users/yaminikrishnachalimadugu/.m2/repository/org/webjars/jquery/3.7.1/jquery-3.7.1.jar:/Users/yaminikrishnachalimadugu/.m2/repository/com/browserstack/browserstack-java-sdk/1.30.7/browserstack-java-sdk-1.30.7.jar:"/>
    <property name="sun.cpu.endian" value="little"/>
    <property name="user.home" value="/Users/yaminikrishnachalimadugu"/>
    <property name="user.language" value="en"/>
    <property name="java.specification.vendor" value="Oracle Corporation"/>
    <property name="java.version.date" value="2023-07-18"/>
    <property name="java.home" value="/Users/yaminikrishnachalimadugu/.sdkman/candidates/java/17.0.8-zulu/zulu-17.jdk/Contents/Home"/>
    <property name="junit.jupiter.execution.parallel.mode.default" value="same_thread"/>
    <property name="file.separator" value="/"/>
    <property name="basedir" value="/Users/yaminikrishnachalimadugu/eclipse-workspace/AppiumFrameworkDesignCloud"/>
    <property name="java.vm.compressedOopsMode" value="Zero based"/>
    <property name="line.separator" value="&#10;"/>
    <property name="java.vm.specification.vendor" value="Oracle Corporation"/>
    <property name="java.specification.name" value="Java Platform API Specification"/>
    <property name="surefire.real.class.path" value="/Users/yaminikrishnachalimadugu/eclipse-workspace/AppiumFrameworkDesignCloud/target/surefire/surefirebooter-20250322125030045_3.jar"/>
    <property name="sun.management.compiler" value="HotSpot 64-Bit Tiered Compilers"/>
    <property name="ftp.nonProxyHosts" value="local|*.local|169.254/16|*.169.254/16"/>
    <property name="java.runtime.version" value="17.0.8+7-LTS"/>
    <property name="user.name" value="yaminikrishnachalimadugu"/>
    <property name="path.separator" value=":"/>
    <property name="os.version" value="15.3.2"/>
    <property name="java.runtime.name" value="OpenJDK Runtime Environment"/>
    <property name="file.encoding" value="UTF-8"/>
    <property name="junit.jupiter.execution.parallel.mode.classes.default" value="concurrent"/>
    <property name="junit.jupiter.execution.parallel.config.strategy" value="fixed"/>
    <property name="java.vm.name" value="OpenJDK 64-Bit Server VM"/>
    <property name="java.vendor.version" value="Zulu17.44+15-CA"/>
    <property name="junit.jupiter.execution.parallel.enabled" value="true"/>
    <property name="localRepository" value="/Users/yaminikrishnachalimadugu/.m2/repository"/>
    <property name="java.vendor.url.bug" value="http://www.azul.com/support/"/>
    <property name="java.io.tmpdir" value="/var/folders/34/br5wvqc978z87njps9f1r1wr0000gn/T/"/>
    <property name="BROWSERSTACK_TESTHUB_UUID" value="wiatxuqstokpkjj70qarmox9gjqhrc7rzogb4ktr"/>
    <property name="java.version" value="17.0.8"/>
    <property name="user.dir" value="/Users/yaminikrishnachalimadugu/eclipse-workspace/AppiumFrameworkDesignCloud"/>
    <property name="os.arch" value="aarch64"/>
    <property name="java.vm.specification.name" value="Java Virtual Machine Specification"/>
    <property name="native.encoding" value="UTF-8"/>
    <property name="java.library.path" value="/Users/yaminikrishnachalimadugu/Library/Java/Extensions:/Library/Java/Extensions:/Network/Library/Java/Extensions:/System/Library/Java/Extensions:/usr/lib/java:."/>
    <property name="junit.jupiter.execution.parallel.config.fixed.parallelism" value="1"/>
    <property name="java.vm.info" value="mixed mode, sharing"/>
    <property name="java.vendor" value="Azul Systems, Inc."/>
    <property name="java.vm.version" value="17.0.8+7-LTS"/>
    <property name="cucumber.execution.execution-mode.feature" value="same_thread"/>
    <property name="cucumber.execution.parallel.config.strategy" value="fixed"/>
    <property name="sun.io.unicode.encoding" value="UnicodeBig"/>
    <property name="socksNonProxyHosts" value="local|*.local|169.254/16|*.169.254/16"/>
    <property name="java.class.version" value="61.0"/>
  </properties>
  <testcase name="androidEndToEndFrameworkTest[{name=Yamini, country=Argentina, gender=female}](1)" classname="org.yaminikrishnachalimadugu.AppiumFrameworkDesign.Android.AndroidFramework" time="44.503">
    <system-out><![CDATA[&amp#27;[38;5;112m[Appium]&amp#27;[0m Welcome to Appium v2.16.2 (REV f3bd91d3afe086824d24708230e1f0c7f943135a)
&amp#27;[38;5;112m[Appium]&amp#27;[0m Welcome to Appium v2.16.2 (REV f3bd91d3afe086824d24708230e1f0c7f943135a)
&amp#27;[38;5;112m[Appium]&amp#27;[0m Welcome to Appium v2.16.2 (REV f3bd91d3afe086824d24708230e1f0c7f943135a)
&amp#27;[38;5;112m[Appium]&amp#27;[0m Non-default server args:
&amp#27;[38;5;112m[Appium]&amp#27;[0m Non-default server args:
&amp#27;[38;5;112m[Appium]&amp#27;[0m Non-default server args:
&amp#27;[38;5;112m[Appium]&amp#27;[0m { address: &amp#27;[32m'127.0.0.1'&amp#27;[39m }
&amp#27;[38;5;112m[Appium]&amp#27;[0m { address: &amp#27;[32m'127.0.0.1'&amp#27;[39m }
&amp#27;[38;5;112m[Appium]&amp#27;[0m { address: &amp#27;[32m'127.0.0.1'&amp#27;[39m }
&amp#27;[38;5;112m[Appium]&amp#27;[0m The autodetected Appium home path: /Users/yaminikrishnachalimadugu/.appium
&amp#27;[38;5;112m[Appium]&amp#27;[0m The autodetected Appium home path: /Users/yaminikrishnachalimadugu/.appium
&amp#27;[38;5;112m[Appium]&amp#27;[0m Attempting to load driver uiautomator2...
&amp#27;[38;5;112m[Appium]&amp#27;[0m Attempting to load driver uiautomator2...
&amp#27;[38;5;112m[Appium]&amp#27;[0m Attempting to load driver xcuitest...
&amp#27;[38;5;112m[Appium]&amp#27;[0m Attempting to load driver xcuitest...
&amp#27;[38;5;112m[Appium]&amp#27;[0m Attempting to load driver gecko...
&amp#27;[38;5;112m[Appium]&amp#27;[0m Attempting to load driver gecko...
&amp#27;[38;5;112m[Appium]&amp#27;[0m The autodetected Appium home path: /Users/yaminikrishnachalimadugu/.appium
&amp#27;[38;5;112m[Appium]&amp#27;[0m Attempting to load driver uiautomator2...
&amp#27;[38;5;112m[Appium]&amp#27;[0m Attempting to load driver xcuitest...
&amp#27;[38;5;112m[Appium]&amp#27;[0m Attempting to load driver gecko...
&amp#27;[38;5;112m[Appium]&amp#27;[0m Requiring driver at /Users/yaminikrishnachalimadugu/.appium/node_modules/appium-xcuitest-driver/build/index.js
&amp#27;[38;5;112m[Appium]&amp#27;[0m Requiring driver at /Users/yaminikrishnachalimadugu/.appium/node_modules/appium-uiautomator2-driver/build/index.js
&amp#27;[38;5;112m[Appium]&amp#27;[0m Requiring driver at /Users/yaminikrishnachalimadugu/.appium/node_modules/appium-uiautomator2-driver/build/index.js
&amp#27;[38;5;112m[Appium]&amp#27;[0m Requiring driver at /Users/yaminikrishnachalimadugu/.appium/node_modules/appium-xcuitest-driver/build/index.js
&amp#27;[38;5;112m[Appium]&amp#27;[0m Requiring driver at /Users/yaminikrishnachalimadugu/.appium/node_modules/appium-uiautomator2-driver/build/index.js
&amp#27;[38;5;112m[Appium]&amp#27;[0m Requiring driver at /Users/yaminikrishnachalimadugu/.appium/node_modules/appium-geckodriver/build/index.js
&amp#27;[38;5;112m[Appium]&amp#27;[0m Requiring driver at /Users/yaminikrishnachalimadugu/.appium/node_modules/appium-geckodriver/build/index.js
&amp#27;[38;5;112m[Appium]&amp#27;[0m Requiring driver at /Users/yaminikrishnachalimadugu/.appium/node_modules/appium-xcuitest-driver/build/index.js
&amp#27;[38;5;112m[Appium]&amp#27;[0m Requiring driver at /Users/yaminikrishnachalimadugu/.appium/node_modules/appium-geckodriver/build/index.js
&amp#27;[38;5;112m[Appium]&amp#27;[0m GeckoDriver has been successfully loaded in 0.055s
&amp#27;[38;5;112m[Appium]&amp#27;[0m GeckoDriver has been successfully loaded in 0.055s
&amp#27;[38;5;112m[Appium]&amp#27;[0m AndroidUiautomator2Driver has been successfully loaded in 0.456s
&amp#27;[38;5;112m[Appium]&amp#27;[0m AndroidUiautomator2Driver has been successfully loaded in 0.456s
&amp#27;[38;5;112m[Appium]&amp#27;[0m AndroidUiautomator2Driver has been successfully loaded in 0.455s
&amp#27;[38;5;112m[Appium]&amp#27;[0m XCUITestDriver has been successfully loaded in 0.934s
&amp#27;[38;5;112m[Appium]&amp#27;[0m XCUITestDriver has been successfully loaded in 0.935s
&amp#27;[38;5;112m[Appium]&amp#27;[0m XCUITestDriver has been successfully loaded in 0.935s
&amp#27;[38;5;112m[Appium]&amp#27;[0m Appium REST http interface listener started on http://127.0.0.1:4723
&amp#27;[38;5;112m[Appium]&amp#27;[0m Available drivers:
&amp#27;[38;5;112m[Appium]&amp#27;[0m   - uiautomator2@4.1.0 (automationName 'UiAutomator2')
&amp#27;[38;5;112m[Appium]&amp#27;[0m   - xcuitest@8.3.3 (automationName 'XCUITest')
&amp#27;[38;5;112m[Appium]&amp#27;[0m   - gecko@1.4.3 (automationName 'Gecko')
&amp#27;[38;5;112m[Appium]&amp#27;[0m No plugins have been installed. Use the "appium plugin" command to install the one(s) you want to use.
&amp#27;[38;5;86m[HTTP]&amp#27;[0m Could not start REST http interface listener. The requested port may already be in use. Please make sure there is no other instance of this server running already.
&amp#27;[38;5;112m[Appium]&amp#27;[0m Could not configure Appium server. It's possible that a driver or plugin tried to update the server and failed. Original error: listen EADDRINUSE: address already in use 127.0.0.1:4723
&amp#27;[38;5;112m[Appium]&amp#27;[0m Error: listen EADDRINUSE: address already in use 127.0.0.1:4723
    at Server.setupListenHandle [as _listen2] (node:net:1937:16)
    at listenInCluster (node:net:1994:12)
    at node:net:2203:7
    at processTicksAndRejections (node:internal/process/task_queues:90:21)
    at runNextTicks (node:internal/process/task_queues:69:3)
    at processImmediate (node:internal/timers:479:9)
&amp#27;[38;5;112m[Appium]&amp#27;[0m GeckoDriver has been successfully loaded in 0.977s
&amp#27;[38;5;86m[HTTP]&amp#27;[0m Could not start REST http interface listener. The requested port may already be in use. Please make sure there is no other instance of this server running already.
&amp#27;[38;5;112m[Appium]&amp#27;[0m Could not configure Appium server. It's possible that a driver or plugin tried to update the server and failed. Original error: listen EADDRINUSE: address already in use 127.0.0.1:4723
&amp#27;[38;5;112m[Appium]&amp#27;[0m Error: listen EADDRINUSE: address already in use 127.0.0.1:4723
    at Server.setupListenHandle [as _listen2] (node:net:1937:16)
    at listenInCluster (node:net:1994:12)
    at node:net:2203:7
    at processTicksAndRejections (node:internal/process/task_queues:90:21)
&amp#27;[38;5;86m[HTTP]&amp#27;[0m &amp#27;[37m-->&amp#27;[39m &amp#27;[37mGET&amp#27;[39m &amp#27;[37m/status&amp#27;[39m &amp#27;[90m{}&amp#27;[39m
&amp#27;[38;5;208m[AppiumDriver@e173]&amp#27;[0m Calling AppiumDriver.getStatus() with args: []
&amp#27;[38;5;208m[AppiumDriver@e173]&amp#27;[0m Responding to client with driver.getStatus() result: {"ready":true,"message":"The server is ready to accept new connections","build":{"version":"2.16.2","git-sha":"f3bd91d3afe086824d24708230e1f0c7f943135a","built":"2025-03-20 07:55:34 +0000"}}
&amp#27;[38;5;86m[HTTP]&amp#27;[0m &amp#27;[37m<-- GET /status &amp#27;[39m&amp#27;[32m200&amp#27;[39m &amp#27;[90m4 ms - 200&amp#27;[39m &amp#27;[90m&amp#27;[39m
&amp#27;[38;5;86m[HTTP]&amp#27;[0m &amp#27;[37m-->&amp#27;[39m &amp#27;[37mGET&amp#27;[39m &amp#27;[37m/status&amp#27;[39m &amp#27;[90m{}&amp#27;[39m
&amp#27;[38;5;208m[AppiumDriver@e173]&amp#27;[0m Calling AppiumDriver.getStatus() with args: []
&amp#27;[38;5;208m[AppiumDriver@e173]&amp#27;[0m Responding to client with driver.getStatus() result: {"ready":true,"message":"The server is ready to accept new connections","build":{"version":"2.16.2","git-sha":"f3bd91d3afe086824d24708230e1f0c7f943135a","built":"2025-03-20 07:55:34 +0000"}}
&amp#27;[38;5;86m[HTTP]&amp#27;[0m &amp#27;[37m<-- GET /status &amp#27;[39m&amp#27;[32m200&amp#27;[39m &amp#27;[90m1 ms - 200&amp#27;[39m &amp#27;[90m&amp#27;[39m
&amp#27;[38;5;86m[HTTP]&amp#27;[0m &amp#27;[37m-->&amp#27;[39m &amp#27;[37mGET&amp#27;[39m &amp#27;[37m/status&amp#27;[39m &amp#27;[90m{}&amp#27;[39m
&amp#27;[38;5;208m[AppiumDriver@e173]&amp#27;[0m Calling AppiumDriver.getStatus() with args: []
&amp#27;[38;5;208m[AppiumDriver@e173]&amp#27;[0m Responding to client with driver.getStatus() result: {"ready":true,"message":"The server is ready to accept new connections","build":{"version":"2.16.2","git-sha":"f3bd91d3afe086824d24708230e1f0c7f943135a","built":"2025-03-20 07:55:34 +0000"}}
&amp#27;[38;5;86m[HTTP]&amp#27;[0m &amp#27;[37m<-- GET /status &amp#27;[39m&amp#27;[32m200&amp#27;[39m &amp#27;[90m0 ms - 200&amp#27;[39m &amp#27;[90m&amp#27;[39m
]]></system-out>
    <system-err><![CDATA[SLF4J(W): No SLF4J providers were found.
SLF4J(W): Defaulting to no-operation (NOP) logger implementation
SLF4J(W): See https://www.slf4j.org/codes.html#noProviders for further details.
]]></system-err>
  </testcase>
  <testcase name="androidEndToEndFrameworkTest[{name=Yamini, country=Argentina, gender=female}](1)" classname="org.yaminikrishnachalimadugu.AppiumFrameworkDesign.Android.AndroidFramework" time="51.502"/>
  <testcase name="androidEndToEndFrameworkTest[{name=Yamini, country=Argentina, gender=female}](1)" classname="org.yaminikrishnachalimadugu.AppiumFrameworkDesign.Android.AndroidFramework" time="51.504"/>
</testsuite>