<?xml version="1.0" encoding="UTF-8"?>
<!-- Generated by org.testng.reporters.JUnitReportReporter -->
<testsuite hostname="Yaminis-MacBook-Air.local" failures="0" tests="1" name="org.yaminikrishnachalimadugu.AppiumFrameworkDesign.iOS.IOSBasics" time="3.704" errors="0" timestamp="2025-03-19T15:06:54 EDT" skipped="0">
  <testcase classname="org.yaminikrishnachalimadugu.AppiumFrameworkDesign.iOS.IOSBasics" name="IOSBasicsTestPredicateString" time="3.704"/>
</testsuite> <!-- org.yaminikrishnachalimadugu.AppiumFrameworkDesign.iOS.IOSBasics -->
