<?xml version="1.0" encoding="UTF-8"?>
<!-- Generated by org.testng.reporters.JUnitReportReporter -->
<testsuite hostname="Yaminis-MacBook-Air.local" failures="0" tests="1" name="org.yaminikrishnachalimadugu.AppiumFrameworkDesign.eCommerce_tc_4" time="43.121" errors="0" timestamp="2025-03-13T20:32:38 EDT" skipped="0">
  <testcase classname="org.yaminikrishnachalimadugu.AppiumFrameworkDesign.eCommerce_tc_4" name="longPressTap" time="43.121"/>
</testsuite> <!-- org.yaminikrishnachalimadugu.AppiumFrameworkDesign.eCommerce_tc_4 -->
