<?xml version="1.0" encoding="UTF-8"?>
<!-- Generated by org.testng.reporters.JUnitReportReporter -->
<testsuite hostname="Yaminis-MacBook-Air.local" failures="0" tests="1" name="org.yaminikrishnachalimadugu.AppiumFrameworkDesign.Android.AndroidFramework" time="20.263" errors="0" timestamp="2025-03-22T12:27:13 EDT" skipped="0">
  <testcase classname="org.yaminikrishnachalimadugu.AppiumFrameworkDesign.Android.AndroidFramework" name="androidEndToEndFrameworkTest" time="20.263"/>
</testsuite> <!-- org.yaminikrishnachalimadugu.AppiumFrameworkDesign.Android.AndroidFramework -->
