<?xml version="1.0" encoding="UTF-8"?>
<!-- Generated by org.testng.reporters.JUnitReportReporter -->
<testsuite hostname="Yaminis-MacBook-Air.local" failures="0" tests="3" name="org.yaminikrishnachalimadugu.AppiumFrameworkDesign.Android.AndroidFramework" time="151.707" errors="0" timestamp="2025-03-22T12:51:56 EDT" skipped="0">
  <testcase classname="org.yaminikrishnachalimadugu.AppiumFrameworkDesign.Android.AndroidFramework" name="androidEndToEndFrameworkTest" time="47.317"/>
  <testcase classname="org.yaminikrishnachalimadugu.AppiumFrameworkDesign.Android.AndroidFramework" name="androidEndToEndFrameworkTest" time="53.019"/>
  <testcase classname="org.yaminikrishnachalimadugu.AppiumFrameworkDesign.Android.AndroidFramework" name="androidEndToEndFrameworkTest" time="51.371"/>
</testsuite> <!-- org.yaminikrishnachalimadugu.AppiumFrameworkDesign.Android.AndroidFramework -->
